<?xml version="1.0" encoding="UTF-8"?>
<!-- Generated by org.testng.reporters.JUnitReportReporter -->
<testsuite skipped="0" hostname="DESKTOP-5D1TT0I" name="com.zyro.tests.tests.RegistrationTests" tests="1" failures="0" timestamp="24 Mar 2020 10:17:19 GMT" time="2.779" errors="0">
  <testcase name="userCanRegister" time="2.779" classname="com.zyro.tests.tests.RegistrationTests"/>
</testsuite> <!-- com.zyro.tests.tests.RegistrationTests -->
