<?xml version="1.0" encoding="UTF-8"?>
<!-- Generated by org.testng.reporters.JUnitReportReporter -->
<testsuite skipped="0" hostname="DESKTOP-5D1TT0I" name="com.zyro.local.LocalTesting" tests="1" failures="0" timestamp="23 Mar 2020 14:36:24 GMT" time="3.393" errors="0">
  <testcase name="main" time="3.393" classname="com.zyro.local.LocalTesting"/>
</testsuite> <!-- com.zyro.local.LocalTesting -->
