<?xml version="1.0" encoding="UTF-8"?>
<!-- Generated by org.testng.reporters.JUnitReportReporter -->
<testsuite skipped="0" hostname="DESKTOP-5D1TT0I" name="com.zyro.tests.tests.SignUpTests" tests="1" failures="0" timestamp="24 Mar 2020 19:34:43 GMT" time="20.410" errors="0">
  <testcase name="userCanSignUp" time="20.410" classname="com.zyro.tests.tests.SignUpTests"/>
</testsuite> <!-- com.zyro.tests.tests.SignUpTests -->
