<?xml version="1.0" encoding="UTF-8"?>
<!-- Generated by org.testng.reporters.JUnitReportReporter -->
<testsuite skipped="0" hostname="DESKTOP-5D1TT0I" name="com.zyro.tests.RegistrationTests" tests="1" failures="0" timestamp="23 Mar 2020 14:48:09 GMT" time="0.024" errors="0">
  <testcase name="userCanRegister" time="0.024" classname="com.zyro.tests.RegistrationTests"/>
</testsuite> <!-- com.zyro.tests.RegistrationTests -->
